This file contains any messages produced by compilers while
running configure, to aid debugging if configure makes a mistake.

It was created by Google C++ Testing Framework configure 1.4.0, which was
generated by GNU Autoconf 2.63.  Invocation command line was

  $ ./configure --disable-option-checking --prefix=/opt/checkout/eAccelero/3rdparty --cache-file=/dev/null --srcdir=.

## --------- ##
## Platform. ##
## --------- ##

hostname = iwf
uname -m = x86_64
uname -r = 3.10.0-1062.el7.x86_64
uname -s = Linux
uname -v = #1 SMP Wed Aug 7 18:08:02 UTC 2019

/usr/bin/uname -p = x86_64
/bin/uname -X     = unknown

/bin/arch              = x86_64
/usr/bin/arch -k       = unknown
/usr/convex/getsysinfo = unknown
/usr/bin/hostinfo      = unknown
/bin/machine           = unknown
/usr/bin/oslevel       = unknown
/bin/universe          = unknown

PATH: /opt/checkout/eAccelero/3rdparty/bin
PATH: /opt/checkout/eAccelero/3rdparty/mysql/bin
PATH: /opt/checkout/eAccelero/3rdparty/bin
PATH: /opt/checkout/eAccelero/3rdparty/bin
PATH: /opt/checkout/eAccelero/3rdparty/bin
PATH: /opt/checkout/eAccelero/3rdparty/mysql/bin
PATH: /opt/checkout/eAccelero/3rdparty/bin
PATH: /opt/checkout/eAccelero/3rdparty/bin
PATH: /opt/checkout/eAccelero/3rdparty/mysql/bin
PATH: /opt/checkout/eAccelero/3rdparty/bin
PATH: /opt/checkout/eAccelero/3rdparty/bin
PATH: /opt/checkout/eAccelero/3rdparty/mysql/bin
PATH: /opt/checkout/eAccelero/3rdparty/bin
PATH: /opt/checkout/eAccelero/3rdparty/bin
PATH: /opt/checkout/eAccelero/3rdparty/mysql/bin
PATH: /opt/checkout/eAccelero/3rdparty/bin
PATH: /opt/checkout/eAccelero/3rdparty/mysql/bin
PATH: /opt/checkout/eAccelero/3rdparty/bin
PATH: /opt/checkout/eAccelero/3rdparty/mysql/bin
PATH: /opt/checkout/eAccelero/3rdparty/bin
PATH: /opt/checkout/eAccelero/3rdparty/bin
PATH: /opt/checkout/eAccelero/3rdparty/mysql/bin
PATH: /usr/local/sbin
PATH: /usr/local/bin
PATH: /usr/sbin
PATH: /usr/bin
PATH: /root/bin
PATH: /opt/checkout/imsdia/demo/bin
PATH: /opt/checkout/imsdia/scripts
PATH: /opt/checkout/IntelliSS7/common/bin/
PATH: /opt/checkout/eAccelero/cmgr/bin/debug
PATH: /opt/checkout/eAccelero/cli/bin/debug
PATH: /opt/checkout/imsdia/demo/bin
PATH: /opt/checkout/imsdia/scripts
PATH: /opt/checkout/imsdia/demo/bin
PATH: /opt/checkout/imsdia/scripts
PATH: /opt/checkout/IntelliSS7/common/bin/
PATH: /opt/checkout/eAccelero/cmgr/bin/debug
PATH: /opt/checkout/eAccelero/cli/bin/debug
PATH: /opt/checkout/imsdia/demo/bin
PATH: /opt/checkout/imsdia/scripts
PATH: /opt/checkout/imsdia/demo/bin
PATH: /opt/checkout/imsdia/scripts
PATH: /opt/checkout/IntelliSS7/common/bin/
PATH: /opt/checkout/eAccelero/cmgr/bin/debug
PATH: /opt/checkout/eAccelero/cli/bin/debug
PATH: /opt/checkout/imsdia/demo/bin
PATH: /opt/checkout/imsdia/scripts
PATH: /opt/checkout/IntelliSS7/common/bin/
PATH: /opt/checkout/eAccelero/cmgr/bin/debug
PATH: /opt/checkout/eAccelero/cli/bin/debug


## ----------- ##
## Core tests. ##
## ----------- ##

configure:2102: checking for a BSD-compatible install
configure:2170: result: /usr/bin/install -c
configure:2181: checking whether build environment is sane
configure:2241: result: yes
configure:2382: checking for a thread-safe mkdir -p
configure:2421: result: /usr/bin/mkdir -p
configure:2434: checking for gawk
configure:2450: found /usr/bin/gawk
configure:2461: result: gawk
configure:2472: checking whether make sets $(MAKE)
configure:2494: result: yes
configure:2626: checking for gcc
configure:2642: found /usr/bin/gcc
configure:2653: result: gcc
configure:2885: checking for C compiler version
configure:2893: gcc --version >&5
gcc (GCC) 4.8.5 20150623 (Red Hat 4.8.5-44)
Copyright (C) 2015 Free Software Foundation, Inc.
This is free software; see the source for copying conditions.  There is NO
warranty; not even for MERCHANTABILITY or FITNESS FOR A PARTICULAR PURPOSE.

configure:2897: $? = 0
configure:2904: gcc -v >&5
Using built-in specs.
COLLECT_GCC=gcc
COLLECT_LTO_WRAPPER=/usr/libexec/gcc/x86_64-redhat-linux/4.8.5/lto-wrapper
Target: x86_64-redhat-linux
Configured with: ../configure --prefix=/usr --mandir=/usr/share/man --infodir=/usr/share/info --with-bugurl=http://bugzilla.redhat.com/bugzilla --enable-bootstrap --enable-shared --enable-threads=posix --enable-checking=release --with-system-zlib --enable-__cxa_atexit --disable-libunwind-exceptions --enable-gnu-unique-object --enable-linker-build-id --with-linker-hash-style=gnu --enable-languages=c,c++,objc,obj-c++,java,fortran,ada,go,lto --enable-plugin --enable-initfini-array --disable-libgcj --with-isl=/builddir/build/BUILD/gcc-4.8.5-20150702/obj-x86_64-redhat-linux/isl-install --with-cloog=/builddir/build/BUILD/gcc-4.8.5-20150702/obj-x86_64-redhat-linux/cloog-install --enable-gnu-indirect-function --with-tune=generic --with-arch_32=x86-64 --build=x86_64-redhat-linux
Thread model: posix
gcc version 4.8.5 20150623 (Red Hat 4.8.5-44) (GCC) 
configure:2908: $? = 0
configure:2915: gcc -V >&5
gcc: error: unrecognized command line option '-V'
gcc: fatal error: no input files
compilation terminated.
configure:2919: $? = 4
configure:2942: checking for C compiler default output file name
configure:2964: gcc    conftest.c  >&5
configure:2968: $? = 0
configure:3006: result: a.out
configure:3025: checking whether the C compiler works
configure:3035: ./a.out
configure:3039: $? = 0
configure:3058: result: yes
configure:3065: checking whether we are cross compiling
configure:3067: result: no
configure:3070: checking for suffix of executables
configure:3077: gcc -o conftest    conftest.c  >&5
configure:3081: $? = 0
configure:3107: result: 
configure:3113: checking for suffix of object files
configure:3139: gcc -c   conftest.c >&5
configure:3143: $? = 0
configure:3168: result: o
configure:3172: checking whether we are using the GNU C compiler
configure:3201: gcc -c   conftest.c >&5
configure:3208: $? = 0
configure:3225: result: yes
configure:3234: checking whether gcc accepts -g
configure:3264: gcc -c -g  conftest.c >&5
configure:3271: $? = 0
configure:3372: result: yes
configure:3389: checking for gcc option to accept ISO C89
configure:3463: gcc  -c   conftest.c >&5
configure:3470: $? = 0
configure:3493: result: none needed
configure:3522: checking for style of include used by make
configure:3550: result: GNU
configure:3575: checking dependency style of gcc
configure:3685: result: gcc3
configure:3758: checking for g++
configure:3774: found /usr/bin/g++
configure:3785: result: g++
configure:3812: checking for C++ compiler version
configure:3820: g++ --version >&5
g++ (GCC) 4.8.5 20150623 (Red Hat 4.8.5-44)
Copyright (C) 2015 Free Software Foundation, Inc.
This is free software; see the source for copying conditions.  There is NO
warranty; not even for MERCHANTABILITY or FITNESS FOR A PARTICULAR PURPOSE.

configure:3824: $? = 0
configure:3831: g++ -v >&5
Using built-in specs.
COLLECT_GCC=g++
COLLECT_LTO_WRAPPER=/usr/libexec/gcc/x86_64-redhat-linux/4.8.5/lto-wrapper
Target: x86_64-redhat-linux
Configured with: ../configure --prefix=/usr --mandir=/usr/share/man --infodir=/usr/share/info --with-bugurl=http://bugzilla.redhat.com/bugzilla --enable-bootstrap --enable-shared --enable-threads=posix --enable-checking=release --with-system-zlib --enable-__cxa_atexit --disable-libunwind-exceptions --enable-gnu-unique-object --enable-linker-build-id --with-linker-hash-style=gnu --enable-languages=c,c++,objc,obj-c++,java,fortran,ada,go,lto --enable-plugin --enable-initfini-array --disable-libgcj --with-isl=/builddir/build/BUILD/gcc-4.8.5-20150702/obj-x86_64-redhat-linux/isl-install --with-cloog=/builddir/build/BUILD/gcc-4.8.5-20150702/obj-x86_64-redhat-linux/cloog-install --enable-gnu-indirect-function --with-tune=generic --with-arch_32=x86-64 --build=x86_64-redhat-linux
Thread model: posix
gcc version 4.8.5 20150623 (Red Hat 4.8.5-44) (GCC) 
configure:3835: $? = 0
configure:3842: g++ -V >&5
g++: error: unrecognized command line option '-V'
g++: fatal error: no input files
compilation terminated.
configure:3846: $? = 4
configure:3849: checking whether we are using the GNU C++ compiler
configure:3878: g++ -c  -g -DNDEBUG  conftest.cpp >&5
configure:3885: $? = 0
configure:3902: result: yes
configure:3911: checking whether g++ accepts -g
configure:3941: g++ -c -g  conftest.cpp >&5
configure:3948: $? = 0
configure:4049: result: yes
configure:4074: checking dependency style of g++
configure:4184: result: gcc3
configure:4236: checking build system type
configure:4254: result: x86_64-unknown-linux-gnu
configure:4276: checking host system type
configure:4291: result: x86_64-unknown-linux-gnu
configure:4313: checking for a sed that does not truncate output
configure:4379: result: /usr/bin/sed
configure:4397: checking for grep that handles long lines and -e
configure:4457: result: /usr/bin/grep
configure:4462: checking for egrep
configure:4526: result: /usr/bin/grep -E
configure:4531: checking for fgrep
configure:4595: result: /usr/bin/grep -F
configure:4630: checking for ld used by gcc
configure:4697: result: /usr/bin/ld
configure:4706: checking if the linker (/usr/bin/ld) is GNU ld
configure:4721: result: yes
configure:4733: checking for BSD- or MS-compatible name lister (nm)
configure:4782: result: /usr/bin/nm -B
configure:4900: checking the name lister (/usr/bin/nm -B) interface
configure:4907: g++ -c  -g -DNDEBUG  conftest.cpp >&5
configure:4910: /usr/bin/nm -B "conftest.o"
configure:4913: output
0000000000000000 B some_variable
configure:4920: result: BSD nm
configure:4923: checking whether ln -s works
configure:4927: result: yes
configure:4935: checking the maximum length of command line arguments
configure:5055: result: 1572864
configure:5072: checking whether the shell understands some XSI constructs
configure:5082: result: yes
configure:5086: checking whether the shell understands "+="
configure:5092: result: yes
configure:5127: checking for /usr/bin/ld option to reload object files
configure:5134: result: -r
configure:5203: checking for objdump
configure:5219: found /usr/bin/objdump
configure:5230: result: objdump
configure:5262: checking how to recognize dependent libraries
configure:5458: result: pass_all
configure:5518: checking for ar
configure:5534: found /usr/bin/ar
configure:5545: result: ar
configure:5623: checking for strip
configure:5639: found /usr/bin/strip
configure:5650: result: strip
configure:5722: checking for ranlib
configure:5738: found /usr/bin/ranlib
configure:5749: result: ranlib
configure:5839: checking command to parse /usr/bin/nm -B output from gcc object
configure:5957: g++ -c  -g -DNDEBUG  conftest.cpp >&5
configure:5960: $? = 0
configure:5964: /usr/bin/nm -B conftest.o \| sed -n -e 's/^.*[	 ]\([ABCDGIRSTW][ABCDGIRSTW]*\)[	 ][	 ]*\([_A-Za-z][_A-Za-z0-9]*\)$/\1 \2 \2/p' \> conftest.nm
configure:5967: $? = 0
configure:6021: g++ -o conftest  -g -DNDEBUG   conftest.cpp conftstm.o >&5
configure:6024: $? = 0
configure:6062: result: ok
configure:6158: g++ -c  -g -DNDEBUG  conftest.cpp >&5
configure:6161: $? = 0
configure:6929: checking how to run the C preprocessor
configure:6969: gcc -E  conftest.c
configure:6976: $? = 0
configure:7007: gcc -E  conftest.c
conftest.c:10:28: fatal error: ac_nonexistent.h: No such file or directory
 #include <ac_nonexistent.h>
                            ^
compilation terminated.
configure:7014: $? = 1
configure: failed program was:
| /* confdefs.h.  */
| #define PACKAGE_NAME "Google C++ Testing Framework"
| #define PACKAGE_TARNAME "gtest"
| #define PACKAGE_VERSION "1.4.0"
| #define PACKAGE_STRING "Google C++ Testing Framework 1.4.0"
| #define PACKAGE_BUGREPORT "googletestframework@googlegroups.com"
| #define PACKAGE "gtest"
| #define VERSION "1.4.0"
| /* end confdefs.h.  */
| #include <ac_nonexistent.h>
configure:7047: result: gcc -E
configure:7076: gcc -E  conftest.c
configure:7083: $? = 0
configure:7114: gcc -E  conftest.c
conftest.c:10:28: fatal error: ac_nonexistent.h: No such file or directory
 #include <ac_nonexistent.h>
                            ^
compilation terminated.
configure:7121: $? = 1
configure: failed program was:
| /* confdefs.h.  */
| #define PACKAGE_NAME "Google C++ Testing Framework"
| #define PACKAGE_TARNAME "gtest"
| #define PACKAGE_VERSION "1.4.0"
| #define PACKAGE_STRING "Google C++ Testing Framework 1.4.0"
| #define PACKAGE_BUGREPORT "googletestframework@googlegroups.com"
| #define PACKAGE "gtest"
| #define VERSION "1.4.0"
| /* end confdefs.h.  */
| #include <ac_nonexistent.h>
configure:7161: checking for ANSI C header files
configure:7191: gcc -c   conftest.c >&5
configure:7198: $? = 0
configure:7297: gcc -o conftest    conftest.c  >&5
configure:7301: $? = 0
configure:7307: ./conftest
configure:7311: $? = 0
configure:7329: result: yes
configure:7353: checking for sys/types.h
configure:7374: gcc -c   conftest.c >&5
configure:7381: $? = 0
configure:7398: result: yes
configure:7353: checking for sys/stat.h
configure:7374: gcc -c   conftest.c >&5
configure:7381: $? = 0
configure:7398: result: yes
configure:7353: checking for stdlib.h
configure:7374: gcc -c   conftest.c >&5
configure:7381: $? = 0
configure:7398: result: yes
configure:7353: checking for string.h
configure:7374: gcc -c   conftest.c >&5
configure:7381: $? = 0
configure:7398: result: yes
configure:7353: checking for memory.h
configure:7374: gcc -c   conftest.c >&5
configure:7381: $? = 0
configure:7398: result: yes
configure:7353: checking for strings.h
configure:7374: gcc -c   conftest.c >&5
configure:7381: $? = 0
configure:7398: result: yes
configure:7353: checking for inttypes.h
configure:7374: gcc -c   conftest.c >&5
configure:7381: $? = 0
configure:7398: result: yes
configure:7353: checking for stdint.h
configure:7374: gcc -c   conftest.c >&5
configure:7381: $? = 0
configure:7398: result: yes
configure:7353: checking for unistd.h
configure:7374: gcc -c   conftest.c >&5
configure:7381: $? = 0
configure:7398: result: yes
configure:7416: checking for dlfcn.h
configure:7437: gcc -c   conftest.c >&5
configure:7444: $? = 0
configure:7461: result: yes
configure:7588: checking for C++ compiler version
configure:7596: g++ --version >&5
g++ (GCC) 4.8.5 20150623 (Red Hat 4.8.5-44)
Copyright (C) 2015 Free Software Foundation, Inc.
This is free software; see the source for copying conditions.  There is NO
warranty; not even for MERCHANTABILITY or FITNESS FOR A PARTICULAR PURPOSE.

configure:7600: $? = 0
configure:7607: g++ -v >&5
Using built-in specs.
COLLECT_GCC=g++
COLLECT_LTO_WRAPPER=/usr/libexec/gcc/x86_64-redhat-linux/4.8.5/lto-wrapper
Target: x86_64-redhat-linux
Configured with: ../configure --prefix=/usr --mandir=/usr/share/man --infodir=/usr/share/info --with-bugurl=http://bugzilla.redhat.com/bugzilla --enable-bootstrap --enable-shared --enable-threads=posix --enable-checking=release --with-system-zlib --enable-__cxa_atexit --disable-libunwind-exceptions --enable-gnu-unique-object --enable-linker-build-id --with-linker-hash-style=gnu --enable-languages=c,c++,objc,obj-c++,java,fortran,ada,go,lto --enable-plugin --enable-initfini-array --disable-libgcj --with-isl=/builddir/build/BUILD/gcc-4.8.5-20150702/obj-x86_64-redhat-linux/isl-install --with-cloog=/builddir/build/BUILD/gcc-4.8.5-20150702/obj-x86_64-redhat-linux/cloog-install --enable-gnu-indirect-function --with-tune=generic --with-arch_32=x86-64 --build=x86_64-redhat-linux
Thread model: posix
gcc version 4.8.5 20150623 (Red Hat 4.8.5-44) (GCC) 
configure:7611: $? = 0
configure:7618: g++ -V >&5
g++: error: unrecognized command line option '-V'
g++: fatal error: no input files
compilation terminated.
configure:7622: $? = 4
configure:7625: checking whether we are using the GNU C++ compiler
configure:7678: result: yes
configure:7687: checking whether g++ accepts -g
configure:7825: result: yes
configure:7850: checking dependency style of g++
configure:7960: result: gcc3
configure:7983: checking how to run the C++ preprocessor
configure:8019: g++ -E  conftest.cpp
configure:8026: $? = 0
configure:8057: g++ -E  conftest.cpp
conftest.cpp:21:28: fatal error: ac_nonexistent.h: No such file or directory
 #include <ac_nonexistent.h>
                            ^
compilation terminated.
configure:8064: $? = 1
configure: failed program was:
| /* confdefs.h.  */
| #define PACKAGE_NAME "Google C++ Testing Framework"
| #define PACKAGE_TARNAME "gtest"
| #define PACKAGE_VERSION "1.4.0"
| #define PACKAGE_STRING "Google C++ Testing Framework 1.4.0"
| #define PACKAGE_BUGREPORT "googletestframework@googlegroups.com"
| #define PACKAGE "gtest"
| #define VERSION "1.4.0"
| #define STDC_HEADERS 1
| #define HAVE_SYS_TYPES_H 1
| #define HAVE_SYS_STAT_H 1
| #define HAVE_STDLIB_H 1
| #define HAVE_STRING_H 1
| #define HAVE_MEMORY_H 1
| #define HAVE_STRINGS_H 1
| #define HAVE_INTTYPES_H 1
| #define HAVE_STDINT_H 1
| #define HAVE_UNISTD_H 1
| #define HAVE_DLFCN_H 1
| /* end confdefs.h.  */
| #include <ac_nonexistent.h>
configure:8097: result: g++ -E
configure:8126: g++ -E  conftest.cpp
configure:8133: $? = 0
configure:8164: g++ -E  conftest.cpp
conftest.cpp:21:28: fatal error: ac_nonexistent.h: No such file or directory
 #include <ac_nonexistent.h>
                            ^
compilation terminated.
configure:8171: $? = 1
configure: failed program was:
| /* confdefs.h.  */
| #define PACKAGE_NAME "Google C++ Testing Framework"
| #define PACKAGE_TARNAME "gtest"
| #define PACKAGE_VERSION "1.4.0"
| #define PACKAGE_STRING "Google C++ Testing Framework 1.4.0"
| #define PACKAGE_BUGREPORT "googletestframework@googlegroups.com"
| #define PACKAGE "gtest"
| #define VERSION "1.4.0"
| #define STDC_HEADERS 1
| #define HAVE_SYS_TYPES_H 1
| #define HAVE_SYS_STAT_H 1
| #define HAVE_STDLIB_H 1
| #define HAVE_STRING_H 1
| #define HAVE_MEMORY_H 1
| #define HAVE_STRINGS_H 1
| #define HAVE_INTTYPES_H 1
| #define HAVE_STDINT_H 1
| #define HAVE_UNISTD_H 1
| #define HAVE_DLFCN_H 1
| /* end confdefs.h.  */
| #include <ac_nonexistent.h>
configure:8385: checking for objdir
configure:8400: result: .libs
configure:8692: checking if gcc supports -fno-rtti -fno-exceptions
configure:8710: gcc -c   -fno-rtti -fno-exceptions conftest.c >&5
cc1: warning: command line option '-fno-rtti' is valid for C++/ObjC++ but not for C [enabled by default]
configure:8714: $? = 0
configure:8727: result: no
configure:8747: checking for gcc option to produce PIC
configure:9019: result: -fPIC -DPIC
configure:9031: checking if gcc PIC flag -fPIC -DPIC works
configure:9049: gcc -c   -fPIC -DPIC -DPIC conftest.c >&5
configure:9053: $? = 0
configure:9066: result: yes
configure:9090: checking if gcc static flag -static works
configure:9118: result: no
configure:9133: checking if gcc supports -c -o file.o
configure:9154: gcc -c   -o out/conftest2.o conftest.c >&5
configure:9158: $? = 0
configure:9180: result: yes
configure:9188: checking if gcc supports -c -o file.o
configure:9235: result: yes
configure:9268: checking whether the gcc linker (/usr/bin/ld -m elf_x86_64) supports shared libraries
configure:10342: result: yes
configure:10379: checking whether -lc should be explicitly linked in
configure:10384: gcc -c   conftest.c >&5
configure:10387: $? = 0
configure:10402: gcc -shared conftest.o  -v -Wl,-soname -Wl,conftest -o conftest 2\>\&1 \| /usr/bin/grep  -lc  \>/dev/null 2\>\&1
configure:10405: $? = 0
configure:10417: result: no
configure:10581: checking dynamic linker characteristics
configure:11024: gcc -o conftest    -Wl,-rpath -Wl,/foo conftest.c  >&5
configure:11031: $? = 0
configure:11267: result: GNU/Linux ld.so
configure:11369: checking how to hardcode library paths into programs
configure:11394: result: immediate
configure:12227: checking whether stripping libraries is possible
configure:12232: result: yes
configure:12267: checking if libtool supports shared libraries
configure:12269: result: yes
configure:12272: checking whether to build shared libraries
configure:12293: result: yes
configure:12296: checking whether to build static libraries
configure:12300: result: yes
configure:12450: checking for ld used by g++
configure:12517: result: /usr/bin/ld -m elf_x86_64
configure:12526: checking if the linker (/usr/bin/ld -m elf_x86_64) is GNU ld
configure:12541: result: yes
configure:12596: checking whether the g++ linker (/usr/bin/ld -m elf_x86_64) supports shared libraries
configure:13571: result: yes
configure:13599: g++ -c  -g -DNDEBUG  conftest.cpp >&5
configure:13602: $? = 0
configure:13784: checking for g++ option to produce PIC
configure:14101: result: -fPIC -DPIC
configure:14110: checking if g++ PIC flag -fPIC -DPIC works
configure:14128: g++ -c  -g -DNDEBUG  -fPIC -DPIC -DPIC conftest.cpp >&5
configure:14132: $? = 0
configure:14145: result: yes
configure:14166: checking if g++ static flag -static works
configure:14194: result: no
configure:14206: checking if g++ supports -c -o file.o
configure:14227: g++ -c  -g -DNDEBUG  -o out/conftest2.o conftest.cpp >&5
configure:14231: $? = 0
configure:14253: result: yes
configure:14258: checking if g++ supports -c -o file.o
configure:14305: result: yes
configure:14335: checking whether the g++ linker (/usr/bin/ld -m elf_x86_64) supports shared libraries
configure:14361: result: yes
configure:14498: checking dynamic linker characteristics
configure:14889: g++ -o conftest  -g -DNDEBUG   -Wl,-rpath -Wl,/foo conftest.cpp  >&5
configure:14896: $? = 0
configure:15132: result: GNU/Linux ld.so
configure:15183: checking how to hardcode library paths into programs
configure:15208: result: immediate
configure:15275: checking for python
configure:15293: found /usr/bin/python
configure:15306: result: /usr/bin/python
configure:15324: /usr/bin/python -c import sys # split strings by '.' and convert to numeric. Append some zeros # because we need at least 4 digits for the hex conversion. # map returns an iterator in Python 3.0 and a list in 2.x minver = list(map(int, '2.3'.split('.'))) + [0, 0, 0] minverhex = 0 # xrange is not present in Python 3.0 and range returns an iterator for i in list(range(0, 4)): minverhex = (minverhex << 8) + minver[i] sys.exit(sys.hexversion < minverhex)
configure:15327: $? = 0
configure:15542: checking for the pthreads library -lpthreads
configure:15585: gcc -o conftest     conftest.c -lpthreads  >&5
/usr/bin/ld: cannot find -lpthreads
collect2: error: ld returned 1 exit status
configure:15592: $? = 1
configure: failed program was:
| /* confdefs.h.  */
| #define PACKAGE_NAME "Google C++ Testing Framework"
| #define PACKAGE_TARNAME "gtest"
| #define PACKAGE_VERSION "1.4.0"
| #define PACKAGE_STRING "Google C++ Testing Framework 1.4.0"
| #define PACKAGE_BUGREPORT "googletestframework@googlegroups.com"
| #define PACKAGE "gtest"
| #define VERSION "1.4.0"
| #define STDC_HEADERS 1
| #define HAVE_SYS_TYPES_H 1
| #define HAVE_SYS_STAT_H 1
| #define HAVE_STDLIB_H 1
| #define HAVE_STRING_H 1
| #define HAVE_MEMORY_H 1
| #define HAVE_STRINGS_H 1
| #define HAVE_INTTYPES_H 1
| #define HAVE_STDINT_H 1
| #define HAVE_UNISTD_H 1
| #define HAVE_DLFCN_H 1
| #define LT_OBJDIR ".libs/"
| /* end confdefs.h.  */
| #include <pthread.h>
| int
| main ()
| {
| pthread_t th; pthread_join(th, 0);
|                      pthread_attr_init(0); pthread_cleanup_push(0, 0);
|                      pthread_create(0,0,0,0); pthread_cleanup_pop(0);
|   ;
|   return 0;
| }
configure:15615: result: no
configure:15487: checking whether pthreads work without any flags
configure:15585: gcc -o conftest     conftest.c   >&5
/tmp/cc1PaJdv.o: In function `main':
conftest.c:(.text+0x18): undefined reference to `pthread_join'
conftest.c:(.text+0x7e): undefined reference to `__pthread_register_cancel'
conftest.c:(.text+0x97): undefined reference to `pthread_create'
conftest.c:(.text+0xa6): undefined reference to `__pthread_unregister_cancel'
collect2: error: ld returned 1 exit status
configure:15592: $? = 1
configure: failed program was:
| /* confdefs.h.  */
| #define PACKAGE_NAME "Google C++ Testing Framework"
| #define PACKAGE_TARNAME "gtest"
| #define PACKAGE_VERSION "1.4.0"
| #define PACKAGE_STRING "Google C++ Testing Framework 1.4.0"
| #define PACKAGE_BUGREPORT "googletestframework@googlegroups.com"
| #define PACKAGE "gtest"
| #define VERSION "1.4.0"
| #define STDC_HEADERS 1
| #define HAVE_SYS_TYPES_H 1
| #define HAVE_SYS_STAT_H 1
| #define HAVE_STDLIB_H 1
| #define HAVE_STRING_H 1
| #define HAVE_MEMORY_H 1
| #define HAVE_STRINGS_H 1
| #define HAVE_INTTYPES_H 1
| #define HAVE_STDINT_H 1
| #define HAVE_UNISTD_H 1
| #define HAVE_DLFCN_H 1
| #define LT_OBJDIR ".libs/"
| /* end confdefs.h.  */
| #include <pthread.h>
| int
| main ()
| {
| pthread_t th; pthread_join(th, 0);
|                      pthread_attr_init(0); pthread_cleanup_push(0, 0);
|                      pthread_create(0,0,0,0); pthread_cleanup_pop(0);
|   ;
|   return 0;
| }
configure:15615: result: no
configure:15492: checking whether pthreads work with -Kthread
configure:15585: gcc -o conftest  -Kthread   conftest.c   >&5
gcc: error: unrecognized command line option '-Kthread'
configure:15592: $? = 1
configure: failed program was:
| /* confdefs.h.  */
| #define PACKAGE_NAME "Google C++ Testing Framework"
| #define PACKAGE_TARNAME "gtest"
| #define PACKAGE_VERSION "1.4.0"
| #define PACKAGE_STRING "Google C++ Testing Framework 1.4.0"
| #define PACKAGE_BUGREPORT "googletestframework@googlegroups.com"
| #define PACKAGE "gtest"
| #define VERSION "1.4.0"
| #define STDC_HEADERS 1
| #define HAVE_SYS_TYPES_H 1
| #define HAVE_SYS_STAT_H 1
| #define HAVE_STDLIB_H 1
| #define HAVE_STRING_H 1
| #define HAVE_MEMORY_H 1
| #define HAVE_STRINGS_H 1
| #define HAVE_INTTYPES_H 1
| #define HAVE_STDINT_H 1
| #define HAVE_UNISTD_H 1
| #define HAVE_DLFCN_H 1
| #define LT_OBJDIR ".libs/"
| /* end confdefs.h.  */
| #include <pthread.h>
| int
| main ()
| {
| pthread_t th; pthread_join(th, 0);
|                      pthread_attr_init(0); pthread_cleanup_push(0, 0);
|                      pthread_create(0,0,0,0); pthread_cleanup_pop(0);
|   ;
|   return 0;
| }
configure:15615: result: no
configure:15492: checking whether pthreads work with -kthread
configure:15585: gcc -o conftest  -kthread   conftest.c   >&5
gcc: error: unrecognized command line option '-kthread'
configure:15592: $? = 1
configure: failed program was:
| /* confdefs.h.  */
| #define PACKAGE_NAME "Google C++ Testing Framework"
| #define PACKAGE_TARNAME "gtest"
| #define PACKAGE_VERSION "1.4.0"
| #define PACKAGE_STRING "Google C++ Testing Framework 1.4.0"
| #define PACKAGE_BUGREPORT "googletestframework@googlegroups.com"
| #define PACKAGE "gtest"
| #define VERSION "1.4.0"
| #define STDC_HEADERS 1
| #define HAVE_SYS_TYPES_H 1
| #define HAVE_SYS_STAT_H 1
| #define HAVE_STDLIB_H 1
| #define HAVE_STRING_H 1
| #define HAVE_MEMORY_H 1
| #define HAVE_STRINGS_H 1
| #define HAVE_INTTYPES_H 1
| #define HAVE_STDINT_H 1
| #define HAVE_UNISTD_H 1
| #define HAVE_DLFCN_H 1
| #define LT_OBJDIR ".libs/"
| /* end confdefs.h.  */
| #include <pthread.h>
| int
| main ()
| {
| pthread_t th; pthread_join(th, 0);
|                      pthread_attr_init(0); pthread_cleanup_push(0, 0);
|                      pthread_create(0,0,0,0); pthread_cleanup_pop(0);
|   ;
|   return 0;
| }
configure:15615: result: no
configure:15542: checking for the pthreads library -llthread
configure:15585: gcc -o conftest     conftest.c -llthread  >&5
/usr/bin/ld: cannot find -llthread
collect2: error: ld returned 1 exit status
configure:15592: $? = 1
configure: failed program was:
| /* confdefs.h.  */
| #define PACKAGE_NAME "Google C++ Testing Framework"
| #define PACKAGE_TARNAME "gtest"
| #define PACKAGE_VERSION "1.4.0"
| #define PACKAGE_STRING "Google C++ Testing Framework 1.4.0"
| #define PACKAGE_BUGREPORT "googletestframework@googlegroups.com"
| #define PACKAGE "gtest"
| #define VERSION "1.4.0"
| #define STDC_HEADERS 1
| #define HAVE_SYS_TYPES_H 1
| #define HAVE_SYS_STAT_H 1
| #define HAVE_STDLIB_H 1
| #define HAVE_STRING_H 1
| #define HAVE_MEMORY_H 1
| #define HAVE_STRINGS_H 1
| #define HAVE_INTTYPES_H 1
| #define HAVE_STDINT_H 1
| #define HAVE_UNISTD_H 1
| #define HAVE_DLFCN_H 1
| #define LT_OBJDIR ".libs/"
| /* end confdefs.h.  */
| #include <pthread.h>
| int
| main ()
| {
| pthread_t th; pthread_join(th, 0);
|                      pthread_attr_init(0); pthread_cleanup_push(0, 0);
|                      pthread_create(0,0,0,0); pthread_cleanup_pop(0);
|   ;
|   return 0;
| }
configure:15615: result: no
configure:15492: checking whether pthreads work with -pthread
configure:15585: gcc -o conftest  -pthread   conftest.c   >&5
configure:15592: $? = 0
configure:15615: result: yes
configure:15634: checking for joinable pthread attribute
configure:15659: gcc -o conftest  -pthread   conftest.c   >&5
configure:15666: $? = 0
configure:15686: result: PTHREAD_CREATE_JOINABLE
configure:15696: checking if more special flags are required for pthreads
configure:15703: result: no
configure:15792: checking whether to check for GCC pthread/shared inconsistencies
configure:15815: gcc -o conftest -shared -fPIC -Wl,-z,defs  -pthread   conftest.c   >&5
configure:15822: $? = 0
configure:15846: result: yes
configure:15852: checking whether -pthread is sufficient with -shared
configure:15877: gcc -o conftest -shared -fPIC -Wl,-z,defs  -pthread   conftest.c   >&5
configure:15884: $? = 0
configure:15905: result: yes
configure:16237: creating ./config.status

## ---------------------- ##
## Running config.status. ##
## ---------------------- ##

This file was extended by Google C++ Testing Framework config.status 1.4.0, which was
generated by GNU Autoconf 2.63.  Invocation command line was

  CONFIG_FILES    = 
  CONFIG_HEADERS  = 
  CONFIG_LINKS    = 
  CONFIG_COMMANDS = 
  $ ./config.status 

on iwf

config.status:1054: creating Makefile
config.status:1054: creating scripts/gtest-config
config.status:1054: creating build-aux/config.h
config.status:1328: executing depfiles commands
config.status:1328: executing libtool commands

## ---------------- ##
## Cache variables. ##
## ---------------- ##

ac_cv_build=x86_64-unknown-linux-gnu
ac_cv_c_compiler_gnu=yes
ac_cv_cxx_compiler_gnu=yes
ac_cv_env_CCC_set=
ac_cv_env_CCC_value=
ac_cv_env_CC_set=
ac_cv_env_CC_value=
ac_cv_env_CFLAGS_set=set
ac_cv_env_CFLAGS_value=
ac_cv_env_CPPFLAGS_set=
ac_cv_env_CPPFLAGS_value=
ac_cv_env_CPP_set=
ac_cv_env_CPP_value=
ac_cv_env_CXXCPP_set=
ac_cv_env_CXXCPP_value=
ac_cv_env_CXXFLAGS_set=set
ac_cv_env_CXXFLAGS_value=' -g -DNDEBUG'
ac_cv_env_CXX_set=
ac_cv_env_CXX_value=
ac_cv_env_LDFLAGS_set=
ac_cv_env_LDFLAGS_value=
ac_cv_env_LIBS_set=
ac_cv_env_LIBS_value=
ac_cv_env_build_alias_set=
ac_cv_env_build_alias_value=
ac_cv_env_host_alias_set=
ac_cv_env_host_alias_value=
ac_cv_env_target_alias_set=
ac_cv_env_target_alias_value=
ac_cv_header_dlfcn_h=yes
ac_cv_header_inttypes_h=yes
ac_cv_header_memory_h=yes
ac_cv_header_stdc=yes
ac_cv_header_stdint_h=yes
ac_cv_header_stdlib_h=yes
ac_cv_header_string_h=yes
ac_cv_header_strings_h=yes
ac_cv_header_sys_stat_h=yes
ac_cv_header_sys_types_h=yes
ac_cv_header_unistd_h=yes
ac_cv_host=x86_64-unknown-linux-gnu
ac_cv_objext=o
ac_cv_path_EGREP='/usr/bin/grep -E'
ac_cv_path_FGREP='/usr/bin/grep -F'
ac_cv_path_GREP=/usr/bin/grep
ac_cv_path_PYTHON=/usr/bin/python
ac_cv_path_SED=/usr/bin/sed
ac_cv_path_install='/usr/bin/install -c'
ac_cv_path_mkdir=/usr/bin/mkdir
ac_cv_prog_AWK=gawk
ac_cv_prog_CPP='gcc -E'
ac_cv_prog_CXXCPP='g++ -E'
ac_cv_prog_ac_ct_AR=ar
ac_cv_prog_ac_ct_CC=gcc
ac_cv_prog_ac_ct_CXX=g++
ac_cv_prog_ac_ct_OBJDUMP=objdump
ac_cv_prog_ac_ct_RANLIB=ranlib
ac_cv_prog_ac_ct_STRIP=strip
ac_cv_prog_cc_c89=
ac_cv_prog_cc_g=yes
ac_cv_prog_cxx_g=yes
ac_cv_prog_make_make_set=yes
am_cv_CC_dependencies_compiler_type=gcc3
am_cv_CXX_dependencies_compiler_type=gcc3
lt_cv_deplibs_check_method=pass_all
lt_cv_file_magic_cmd='$MAGIC_CMD'
lt_cv_file_magic_test_file=
lt_cv_ld_reload_flag=-r
lt_cv_nm_interface='BSD nm'
lt_cv_objdir=.libs
lt_cv_path_LD=/usr/bin/ld
lt_cv_path_LDCXX='/usr/bin/ld -m elf_x86_64'
lt_cv_path_NM='/usr/bin/nm -B'
lt_cv_prog_compiler_c_o=yes
lt_cv_prog_compiler_c_o_CXX=yes
lt_cv_prog_compiler_pic_works=yes
lt_cv_prog_compiler_pic_works_CXX=yes
lt_cv_prog_compiler_rtti_exceptions=no
lt_cv_prog_compiler_static_works=no
lt_cv_prog_compiler_static_works_CXX=no
lt_cv_prog_gnu_ld=yes
lt_cv_prog_gnu_ldcxx=yes
lt_cv_sys_global_symbol_pipe='sed -n -e '\''s/^.*[	 ]\([ABCDGIRSTW][ABCDGIRSTW]*\)[	 ][	 ]*\([_A-Za-z][_A-Za-z0-9]*\)$/\1 \2 \2/p'\'''
lt_cv_sys_global_symbol_to_c_name_address='sed -n -e '\''s/^: \([^ ]*\) $/  {\"\1\", (void *) 0},/p'\'' -e '\''s/^[ABCDGIRSTW]* \([^ ]*\) \([^ ]*\)$/  {"\2", (void *) \&\2},/p'\'''
lt_cv_sys_global_symbol_to_c_name_address_lib_prefix='sed -n -e '\''s/^: \([^ ]*\) $/  {\"\1\", (void *) 0},/p'\'' -e '\''s/^[ABCDGIRSTW]* \([^ ]*\) \(lib[^ ]*\)$/  {"\2", (void *) \&\2},/p'\'' -e '\''s/^[ABCDGIRSTW]* \([^ ]*\) \([^ ]*\)$/  {"lib\2", (void *) \&\2},/p'\'''
lt_cv_sys_global_symbol_to_cdecl='sed -n -e '\''s/^T .* \(.*\)$/extern int \1();/p'\'' -e '\''s/^[ABCDGIRSTW]* .* \(.*\)$/extern char \1;/p'\'''
lt_cv_sys_max_cmd_len=1572864

## ----------------- ##
## Output variables. ##
## ----------------- ##

ACLOCAL='${SHELL} /opt/checkout/eAccelero/3rdparty/protobuf-2.4.1/gtest/build-aux/missing --run aclocal-1.11'
AMDEPBACKSLASH='\'
AMDEP_FALSE='#'
AMDEP_TRUE=''
AMTAR='${SHELL} /opt/checkout/eAccelero/3rdparty/protobuf-2.4.1/gtest/build-aux/missing --run tar'
AR='ar'
AUTOCONF='${SHELL} /opt/checkout/eAccelero/3rdparty/protobuf-2.4.1/gtest/build-aux/missing --run autoconf'
AUTOHEADER='${SHELL} /opt/checkout/eAccelero/3rdparty/protobuf-2.4.1/gtest/build-aux/missing --run autoheader'
AUTOMAKE='${SHELL} /opt/checkout/eAccelero/3rdparty/protobuf-2.4.1/gtest/build-aux/missing --run automake-1.11'
AWK='gawk'
CC='gcc'
CCDEPMODE='depmode=gcc3'
CFLAGS=''
CPP='gcc -E'
CPPFLAGS=''
CXX='g++'
CXXCPP='g++ -E'
CXXDEPMODE='depmode=gcc3'
CXXFLAGS=' -g -DNDEBUG'
CYGPATH_W='echo'
DEFS='-DHAVE_CONFIG_H'
DEPDIR='.deps'
DSYMUTIL=''
DUMPBIN=''
ECHO_C=''
ECHO_N='-n'
ECHO_T=''
EGREP='/usr/bin/grep -E'
EXEEXT=''
FGREP='/usr/bin/grep -F'
GREP='/usr/bin/grep'
HAVE_PYTHON_FALSE='#'
HAVE_PYTHON_TRUE=''
INSTALL_DATA='${INSTALL} -m 644'
INSTALL_PROGRAM='${INSTALL}'
INSTALL_SCRIPT='${INSTALL}'
INSTALL_STRIP_PROGRAM='$(install_sh) -c -s'
LD='/usr/bin/ld -m elf_x86_64'
LDFLAGS=''
LIBOBJS=''
LIBS=''
LIBTOOL='$(SHELL) $(top_builddir)/libtool'
LIPO=''
LN_S='ln -s'
LTLIBOBJS=''
MAKEINFO='${SHELL} /opt/checkout/eAccelero/3rdparty/protobuf-2.4.1/gtest/build-aux/missing --run makeinfo'
MKDIR_P='/usr/bin/mkdir -p'
NM='/usr/bin/nm -B'
NMEDIT=''
OBJDUMP='objdump'
OBJEXT='o'
OTOOL64=''
OTOOL=''
PACKAGE='gtest'
PACKAGE_BUGREPORT='googletestframework@googlegroups.com'
PACKAGE_NAME='Google C++ Testing Framework'
PACKAGE_STRING='Google C++ Testing Framework 1.4.0'
PACKAGE_TARNAME='gtest'
PACKAGE_VERSION='1.4.0'
PATH_SEPARATOR=':'
PTHREAD_CC='gcc'
PTHREAD_CFLAGS='-pthread'
PTHREAD_LIBS=''
PYTHON='/usr/bin/python'
RANLIB='ranlib'
SED='/usr/bin/sed'
SET_MAKE=''
SHELL='/bin/sh'
STRIP='strip'
VERSION='1.4.0'
ac_ct_CC='gcc'
ac_ct_CXX='g++'
ac_ct_DUMPBIN=''
acx_pthread_config=''
am__EXEEXT_FALSE=''
am__EXEEXT_TRUE='#'
am__fastdepCC_FALSE='#'
am__fastdepCC_TRUE=''
am__fastdepCXX_FALSE='#'
am__fastdepCXX_TRUE=''
am__include='include'
am__isrc=''
am__leading_dot='.'
am__quote=''
am__tar='${AMTAR} chof - "$$tardir"'
am__untar='${AMTAR} xf -'
bindir='${exec_prefix}/bin'
build='x86_64-unknown-linux-gnu'
build_alias=''
build_cpu='x86_64'
build_os='linux-gnu'
build_vendor='unknown'
datadir='${datarootdir}'
datarootdir='${prefix}/share'
docdir='${datarootdir}/doc/${PACKAGE_TARNAME}'
dvidir='${docdir}'
exec_prefix='${prefix}'
host='x86_64-unknown-linux-gnu'
host_alias=''
host_cpu='x86_64'
host_os='linux-gnu'
host_vendor='unknown'
htmldir='${docdir}'
includedir='${prefix}/include'
infodir='${datarootdir}/info'
install_sh='${SHELL} /opt/checkout/eAccelero/3rdparty/protobuf-2.4.1/gtest/build-aux/install-sh'
libdir='${exec_prefix}/lib'
libexecdir='${exec_prefix}/libexec'
localedir='${datarootdir}/locale'
localstatedir='${prefix}/var'
lt_ECHO='echo'
mandir='${datarootdir}/man'
mkdir_p='/usr/bin/mkdir -p'
oldincludedir='/usr/include'
pdfdir='${docdir}'
prefix='/opt/checkout/eAccelero/3rdparty'
program_transform_name='s,x,x,'
psdir='${docdir}'
sbindir='${exec_prefix}/sbin'
sharedstatedir='${prefix}/com'
sysconfdir='${prefix}/etc'
target_alias=''

## ----------- ##
## confdefs.h. ##
## ----------- ##

#define PACKAGE_NAME "Google C++ Testing Framework"
#define PACKAGE_TARNAME "gtest"
#define PACKAGE_VERSION "1.4.0"
#define PACKAGE_STRING "Google C++ Testing Framework 1.4.0"
#define PACKAGE_BUGREPORT "googletestframework@googlegroups.com"
#define PACKAGE "gtest"
#define VERSION "1.4.0"
#define STDC_HEADERS 1
#define HAVE_SYS_TYPES_H 1
#define HAVE_SYS_STAT_H 1
#define HAVE_STDLIB_H 1
#define HAVE_STRING_H 1
#define HAVE_MEMORY_H 1
#define HAVE_STRINGS_H 1
#define HAVE_INTTYPES_H 1
#define HAVE_STDINT_H 1
#define HAVE_UNISTD_H 1
#define HAVE_DLFCN_H 1
#define LT_OBJDIR ".libs/"
#define HAVE_PTHREAD 1

configure: exit 0
